APKEComer/app/build/intermediates/manifest_merge_blame_file/debug/manifest-merger-blame-debug-report.txt
1<?xml version="1.0" encoding="utf-8"?>
2<manifest xmlns:android="http://schemas.android.com/apk/res/android"
3    package="com.example.apkecomer"
4    android:versionCode="1"
5    android:versionName="1.0" >
6
7    <uses-sdk
8        android:minSdkVersion="24"
8-->src\main\AndroidManifest.xml
9        android:targetSdkVersion="33" />
9-->src\main\AndroidManifest.xml
10
11    <uses-permission android:name="android.permission.INTERNET" />
11-->[com.loopj.android:android-async-http:1.4.11] AndroidManifest.xml:9:5-67
11-->[com.loopj.android:android-async-http:1.4.11] AndroidManifest.xml:9:22-64
12
13    <permission
13-->[androidx.core:core:1.9.0] AndroidManifest.xml:22:5-24:47
14        android:name="com.example.apkecomer.DYNAMIC_RECEIVER_NOT_EXPORTED_PERMISSION"
14-->[androidx.core:core:1.9.0] AndroidManifest.xml:23:9-81
15        android:protectionLevel="signature" />
15-->[androidx.core:core:1.9.0] AndroidManifest.xml:24:9-44
16
17    <uses-permission android:name="com.example.apkecomer.DYNAMIC_RECEIVER_NOT_EXPORTED_PERMISSION" />
17-->[androidx.core:core:1.9.0] AndroidManifest.xml:26:5-97
17-->[androidx.core:core:1.9.0] AndroidManifest.xml:26:22-94
18
19    <application
19-->src\main\AndroidManifest.xml:5:5-34:19
20        android:allowBackup="true"
20-->src\main\AndroidManifest.xml:6:9-35
21        android:appComponentFactory="androidx.core.app.CoreComponentFactory"
21-->[androidx.core:core:1.9.0] AndroidManifest.xml:28:18-86
22        android:dataExtractionRules="@xml/data_extraction_rules"
22-->src\main\AndroidManifest.xml:7:9-65
23        android:debuggable="true"
24        android:extractNativeLibs="false"
25        android:fullBackupContent="@xml/backup_rules"
25-->src\main\AndroidManifest.xml:8:9-54
26        android:icon="@mipmap/ic_launcher"
26-->src\main\AndroidManifest.xml:9:9-43
27        android:label="@string/app_name"
27-->src\main\AndroidManifest.xml:10:9-41
28        android:supportsRtl="true"
28-->src\main\AndroidManifest.xml:11:9-35
29        android:testOnly="true"
30        android:theme="@style/Theme.APKEComer" >
30-->src\main\AndroidManifest.xml:12:9-47
31        <activity
31-->src\main\AndroidManifest.xml:14:9-16:40
32            android:name="com.example.apkecomer.MnProducto"
32-->src\main\AndroidManifest.xml:15:13-39
33            android:exported="false" />
33-->src\main\AndroidManifest.xml:16:13-37
34        <activity
34-->src\main\AndroidManifest.xml:17:9-21:66
35            android:name="com.example.apkecomer.MnMenu"
35-->src\main\AndroidManifest.xml:18:13-35
36            android:exported="false"
36-->src\main\AndroidManifest.xml:19:13-37
37            android:label="@string/title_activity_mn_menu"
37-->src\main\AndroidManifest.xml:20:13-59
38            android:theme="@style/Theme.APKEComer.NoActionBar" />
38-->src\main\AndroidManifest.xml:21:13-63
39        <activity
39-->src\main\AndroidManifest.xml:22:9-24:40
40            android:name="com.example.apkecomer.MnLogin"
40-->src\main\AndroidManifest.xml:23:13-36
41            android:exported="false" />
41-->src\main\AndroidManifest.xml:24:13-37
42        <activity
42-->src\main\AndroidManifest.xml:25:9-33:20
43            android:name="com.example.apkecomer.MainActivity"
43-->src\main\AndroidManifest.xml:26:13-41
44            android:exported="true" >
44-->src\main\AndroidManifest.xml:27:13-36
45            <intent-filter>
45-->src\main\AndroidManifest.xml:28:13-32:29
46                <action android:name="android.intent.action.MAIN" />
46-->src\main\AndroidManifest.xml:29:17-69
46-->src\main\AndroidManifest.xml:29:25-66
47
48                <category android:name="android.intent.category.LAUNCHER" />
48-->src\main\AndroidManifest.xml:31:17-77
48-->src\main\AndroidManifest.xml:31:27-74
49            </intent-filter>
50        </activity>
51
52        <provider
52-->[com.squareup.picasso:picasso:2.8] AndroidManifest.xml:8:9-11:40
53            android:name="com.squareup.picasso.PicassoProvider"
53-->[com.squareup.picasso:picasso:2.8] AndroidManifest.xml:9:13-64
54            android:authorities="com.example.apkecomer.com.squareup.picasso"
54-->[com.squareup.picasso:picasso:2.8] AndroidManifest.xml:10:13-72
55            android:exported="false" />
55-->[com.squareup.picasso:picasso:2.8] AndroidManifest.xml:11:13-37
56        <provider
56-->[androidx.emoji2:emoji2:1.2.0] AndroidManifest.xml:24:9-32:20
57            android:name="androidx.startup.InitializationProvider"
57-->[androidx.emoji2:emoji2:1.2.0] AndroidManifest.xml:25:13-67
58            android:authorities="com.example.apkecomer.androidx-startup"
58-->[androidx.emoji2:emoji2:1.2.0] AndroidManifest.xml:26:13-68
59            android:exported="false" >
59-->[androidx.emoji2:emoji2:1.2.0] AndroidManifest.xml:27:13-37
60            <meta-data
60-->[androidx.emoji2:emoji2:1.2.0] AndroidManifest.xml:29:13-31:52
61                android:name="androidx.emoji2.text.EmojiCompatInitializer"
61-->[androidx.emoji2:emoji2:1.2.0] AndroidManifest.xml:30:17-75
62                android:value="androidx.startup" />
62-->[androidx.emoji2:emoji2:1.2.0] AndroidManifest.xml:31:17-49
63            <meta-data
63-->[androidx.lifecycle:lifecycle-process:2.4.1] AndroidManifest.xml:31:13-33:52
64                android:name="androidx.lifecycle.ProcessLifecycleInitializer"
64-->[androidx.lifecycle:lifecycle-process:2.4.1] AndroidManifest.xml:32:17-78
65                android:value="androidx.startup" />
65-->[androidx.lifecycle:lifecycle-process:2.4.1] AndroidManifest.xml:33:17-49
66        </provider>
67
68        <uses-library
68-->[androidx.window:window:1.0.0] AndroidManifest.xml:25:9-27:40
69            android:name="androidx.window.extensions"
69-->[androidx.window:window:1.0.0] AndroidManifest.xml:26:13-54
70            android:required="false" />
70-->[androidx.window:window:1.0.0] AndroidManifest.xml:27:13-37
71        <uses-library
71-->[androidx.window:window:1.0.0] AndroidManifest.xml:28:9-30:40
72            android:name="androidx.window.sidecar"
72-->[androidx.window:window:1.0.0] AndroidManifest.xml:29:13-51
73            android:required="false" />
73-->[androidx.window:window:1.0.0] AndroidManifest.xml:30:13-37
74    </application>
75
76</manifest>